
> vgs-2-0@0.1.0 dev
> next dev

  ▲ Next.js 14.2.35
  - Local:        http://localhost:3000

 ✓ Starting...
 ✓ Ready in 3.8s
 ○ Compiling /middleware ...
 ✓ Compiled /middleware in 878ms (72 modules)
🚫 Blocked direct attempt to access /admin: /admin/emails
 ○ Compiling /not-found ...
[baseline-browser-mapping] The data in this module is over two months old.  To ensure accurate Baseline data, please update: `npm i baseline-browser-mapping@latest -D`
 ✓ Compiled /not-found in 8s (570 modules)
 ○ Compiling /_not-found ...
 ✓ Compiled /_not-found in 7.4s (548 modules)
 GET /admin/emails 404 in 7757ms
 ○ Compiling /admin/emails ...
 ✓ Compiled /admin/emails in 1811ms (776 modules)
Missing Supabase environment variables. Using placeholder values to prevent build crash.
 GET /x-admin-control/emails 200 in 2103ms
 ✓ Compiled /_not-found in 150ms (388 modules)
 GET /undefined/auth 404 in 91ms
Missing Supabase environment variables. Using placeholder values to prevent build crash.
 GET /x-admin-control/emails 200 in 114ms
 GET /undefined/auth 404 in 24ms
 GET /x-admin-control/emails 200 in 46ms
 GET /undefined/auth 404 in 37ms
